\BOOKMARK [1][-]{section.1}{\376\377\000は\000じ\000め\000に}{}% 1
\BOOKMARK [1][-]{section.2}{\376\377\000プ\000ロ\000グ\000ラ\000ム\000の\000概\000要}{}% 2
\BOOKMARK [2][-]{subsection.2.1}{\376\377\000プ\000ロ\000グ\000ラ\000ム\000の\000保\000存\000場\000所}{section.2}% 3
\BOOKMARK [2][-]{subsection.2.2}{\376\377\000プ\000ロ\000グ\000ラ\000ム\000の\000関\000係}{section.2}% 4
\BOOKMARK [2][-]{subsection.2.3}{\376\377\000プ\000ロ\000グ\000ラ\000ム\000の\000役\000割}{section.2}% 5
\BOOKMARK [1][-]{section.3}{\376\377\000利\000用\000者\000向\000け}{}% 6
\BOOKMARK [2][-]{subsection.3.1}{\376\377\000掲\000示\000板\000の\000使\000い\000方\0001}{section.3}% 7
\BOOKMARK [2][-]{subsection.3.2}{\376\377\000掲\000示\000板\000の\000使\000い\000方\0002}{section.3}% 8
\BOOKMARK [2][-]{subsection.3.3}{\376\377\000掲\000示\000板\000の\000使\000い\000方\0003}{section.3}% 9
\BOOKMARK [1][-]{section.4}{\376\377\000管\000理\000者\000向\000け}{}% 10
\BOOKMARK [2][-]{subsection.4.1}{\376\377\000サ\000ー\000バ\000ー\000の\000立\000ち\000上\000げ\000手\000順}{section.4}% 11
\BOOKMARK [2][-]{subsection.4.2}{\376\377\000ロ\000グ\000の\000出\000力\000形\000式\000及\000び\000ロ\000グ\000の\000見\000方}{section.4}% 12
\BOOKMARK [1][-]{section.5}{\376\377\000開\000発\000者\000向\000け}{}% 13
\BOOKMARK [2][-]{subsection.5.1}{\376\377\000「\000送\000信\000」\000ボ\000タ\000ン\000が\000ク\000リ\000ッ\000ク\000さ\000れ\000た\000時\000の\000処\000理}{section.5}% 14
\BOOKMARK [2][-]{subsection.5.2}{\376\377\000「\000更\000新\000」\000ボ\000タ\000ン\000が\000ク\000リ\000ッ\000ク\000さ\000れ\000た\000時\000の\000処\000理}{section.5}% 15
\BOOKMARK [2][-]{subsection.5.3}{\376\377\000「\000い\000い\000ね\000」\000ボ\000タ\000ン\000が\000ク\000リ\000ッ\000ク\000さ\000れ\000た\000時\000の\000処\000理}{section.5}% 16
\BOOKMARK [2][-]{subsection.5.4}{\376\377\000「\000日\000付\000」\000の\000処\000理}{section.5}% 17
\BOOKMARK [2][-]{subsection.5.5}{\376\377\000「\000投\000稿\000件\000数\000」\000の\000処\000理}{section.5}% 18
\BOOKMARK [1][-]{section.6}{\376\377\000お\000わ\000り\000に}{}% 19
\BOOKMARK [1][-]{section.7}{\376\377\000参\000考}{}% 20
\BOOKMARK [2][-]{subsection.7.1}{\376\377\000参\000考\000サ\000イ\000ト}{section.7}% 21
\BOOKMARK [2][-]{subsection.7.2}{\376\377\000参\000考\000書\000籍}{section.7}% 22
